[2025-04-06 16:55:05] [INFO] [open_clientfd:12] Opening client connection to localhost:8080
[2025-04-06 16:55:05] [DEBUG] [open_clientfd:31] Trying socket candidate 1 for localhost:8080
[2025-04-06 16:55:05] [DEBUG] [open_clientfd:46] Successfully connected socket candidate 1
[2025-04-06 16:55:05] [INFO] [open_clientfd:53] Successfully opened client connection to localhost:8080 (fd=5)
[2025-04-06 16:55:05] [DEBUG] [rio_init_buffer:74] Initializing buffer structure for fd 0 without reading data
[2025-04-06 16:55:05] [DEBUG] [rio_init_buffer:80] Buffer structure initialized for fd 0 (empty, will be filled on first read)
[2025-04-06 16:55:05] [DEBUG] [rio_init_buffer:74] Initializing buffer structure for fd 5 without reading data
[2025-04-06 16:55:05] [DEBUG] [rio_init_buffer:80] Buffer structure initialized for fd 5 (empty, will be filled on first read)
[2025-04-06 16:55:05] [DEBUG] [rio_buffered_readline:111] Starting buffered readline from fd 0, max size: 8192
[2025-04-06 16:55:05] [DEBUG] [rio_buffered_readline:117] Buffer empty for fd 0, refilling
[2025-04-06 16:55:05] [DEBUG] [fill_buffer:85] Filling buffer for fd 0
[2025-04-06 16:55:09] [DEBUG] [fill_buffer:106] Buffer filled for fd 0 with 6 bytes
[2025-04-06 16:55:09] [DEBUG] [rio_buffered_readline:135] Newline found, terminating readline for fd 0 after 6 bytes
[2025-04-06 16:55:09] [DEBUG] [rio_buffered_readline:140] Completed buffered readline from fd 0, bytes read: 6
[2025-04-06 16:55:09] [DEBUG] [rio_unbuffered_write:47] Starting unbuffered write to fd 5, requesting 6 bytes
[2025-04-06 16:55:09] [DEBUG] [rio_unbuffered_write:67] Wrote 6 bytes to fd 5, 0 bytes remaining
[2025-04-06 16:55:09] [DEBUG] [rio_unbuffered_write:69] Completed unbuffered write to fd 5, total bytes written: 6
[2025-04-06 16:55:09] [DEBUG] [rio_buffered_readline:111] Starting buffered readline from fd 5, max size: 8192
[2025-04-06 16:55:09] [DEBUG] [rio_buffered_readline:117] Buffer empty for fd 5, refilling
[2025-04-06 16:55:09] [DEBUG] [fill_buffer:85] Filling buffer for fd 5
[2025-04-06 16:55:09] [DEBUG] [fill_buffer:106] Buffer filled for fd 5 with 6 bytes
[2025-04-06 16:55:09] [DEBUG] [rio_buffered_readline:135] Newline found, terminating readline for fd 5 after 6 bytes
[2025-04-06 16:55:09] [DEBUG] [rio_buffered_readline:140] Completed buffered readline from fd 5, bytes read: 6
[2025-04-06 16:55:09] [DEBUG] [rio_unbuffered_write:47] Starting unbuffered write to fd 1, requesting 6 bytes
[2025-04-06 16:55:09] [DEBUG] [rio_unbuffered_write:67] Wrote 6 bytes to fd 1, 0 bytes remaining
[2025-04-06 16:55:09] [DEBUG] [rio_unbuffered_write:69] Completed unbuffered write to fd 1, total bytes written: 6
[2025-04-06 16:55:09] [DEBUG] [rio_buffered_readline:111] Starting buffered readline from fd 0, max size: 8192
[2025-04-06 16:55:09] [DEBUG] [rio_buffered_readline:117] Buffer empty for fd 0, refilling
[2025-04-06 16:55:09] [DEBUG] [fill_buffer:85] Filling buffer for fd 0
[2025-04-06 16:55:14] [DEBUG] [fill_buffer:106] Buffer filled for fd 0 with 25 bytes
[2025-04-06 16:55:14] [DEBUG] [rio_buffered_readline:135] Newline found, terminating readline for fd 0 after 25 bytes
[2025-04-06 16:55:14] [DEBUG] [rio_buffered_readline:140] Completed buffered readline from fd 0, bytes read: 25
[2025-04-06 16:55:14] [DEBUG] [rio_unbuffered_write:47] Starting unbuffered write to fd 5, requesting 25 bytes
[2025-04-06 16:55:14] [DEBUG] [rio_unbuffered_write:67] Wrote 25 bytes to fd 5, 0 bytes remaining
[2025-04-06 16:55:14] [DEBUG] [rio_unbuffered_write:69] Completed unbuffered write to fd 5, total bytes written: 25
[2025-04-06 16:55:14] [DEBUG] [rio_buffered_readline:111] Starting buffered readline from fd 5, max size: 8192
[2025-04-06 16:55:14] [DEBUG] [rio_buffered_readline:117] Buffer empty for fd 5, refilling
[2025-04-06 16:55:14] [DEBUG] [fill_buffer:85] Filling buffer for fd 5
[2025-04-06 16:55:14] [DEBUG] [fill_buffer:106] Buffer filled for fd 5 with 25 bytes
[2025-04-06 16:55:14] [DEBUG] [rio_buffered_readline:135] Newline found, terminating readline for fd 5 after 25 bytes
[2025-04-06 16:55:14] [DEBUG] [rio_buffered_readline:140] Completed buffered readline from fd 5, bytes read: 25
[2025-04-06 16:55:14] [DEBUG] [rio_unbuffered_write:47] Starting unbuffered write to fd 1, requesting 25 bytes
[2025-04-06 16:55:14] [DEBUG] [rio_unbuffered_write:67] Wrote 25 bytes to fd 1, 0 bytes remaining
[2025-04-06 16:55:14] [DEBUG] [rio_unbuffered_write:69] Completed unbuffered write to fd 1, total bytes written: 25
[2025-04-06 16:55:14] [DEBUG] [rio_buffered_readline:111] Starting buffered readline from fd 0, max size: 8192
[2025-04-06 16:55:14] [DEBUG] [rio_buffered_readline:117] Buffer empty for fd 0, refilling
[2025-04-06 16:55:14] [DEBUG] [fill_buffer:85] Filling buffer for fd 0
[2025-04-06 16:55:20] [DEBUG] [fill_buffer:106] Buffer filled for fd 0 with 20 bytes
[2025-04-06 16:55:20] [DEBUG] [rio_buffered_readline:135] Newline found, terminating readline for fd 0 after 20 bytes
[2025-04-06 16:55:20] [DEBUG] [rio_buffered_readline:140] Completed buffered readline from fd 0, bytes read: 20
[2025-04-06 16:55:20] [DEBUG] [rio_unbuffered_write:47] Starting unbuffered write to fd 5, requesting 20 bytes
[2025-04-06 16:55:20] [DEBUG] [rio_unbuffered_write:67] Wrote 20 bytes to fd 5, 0 bytes remaining
[2025-04-06 16:55:20] [DEBUG] [rio_unbuffered_write:69] Completed unbuffered write to fd 5, total bytes written: 20
[2025-04-06 16:55:20] [DEBUG] [rio_buffered_readline:111] Starting buffered readline from fd 5, max size: 8192
[2025-04-06 16:55:20] [DEBUG] [rio_buffered_readline:117] Buffer empty for fd 5, refilling
[2025-04-06 16:55:20] [DEBUG] [fill_buffer:85] Filling buffer for fd 5
[2025-04-06 16:55:20] [DEBUG] [fill_buffer:106] Buffer filled for fd 5 with 20 bytes
[2025-04-06 16:55:20] [DEBUG] [rio_buffered_readline:135] Newline found, terminating readline for fd 5 after 20 bytes
[2025-04-06 16:55:20] [DEBUG] [rio_buffered_readline:140] Completed buffered readline from fd 5, bytes read: 20
[2025-04-06 16:55:20] [DEBUG] [rio_unbuffered_write:47] Starting unbuffered write to fd 1, requesting 20 bytes
[2025-04-06 16:55:20] [DEBUG] [rio_unbuffered_write:67] Wrote 20 bytes to fd 1, 0 bytes remaining
[2025-04-06 16:55:20] [DEBUG] [rio_unbuffered_write:69] Completed unbuffered write to fd 1, total bytes written: 20
[2025-04-06 16:55:20] [DEBUG] [rio_buffered_readline:111] Starting buffered readline from fd 0, max size: 8192
[2025-04-06 16:55:20] [DEBUG] [rio_buffered_readline:117] Buffer empty for fd 0, refilling
[2025-04-06 16:55:20] [DEBUG] [fill_buffer:85] Filling buffer for fd 0
[2025-04-06 16:55:25] [DEBUG] [fill_buffer:106] Buffer filled for fd 0 with 4 bytes
[2025-04-06 16:55:25] [DEBUG] [rio_buffered_readline:135] Newline found, terminating readline for fd 0 after 4 bytes
[2025-04-06 16:55:25] [DEBUG] [rio_buffered_readline:140] Completed buffered readline from fd 0, bytes read: 4
[2025-04-06 16:55:25] [DEBUG] [rio_unbuffered_write:47] Starting unbuffered write to fd 5, requesting 4 bytes
[2025-04-06 16:55:25] [DEBUG] [rio_unbuffered_write:67] Wrote 4 bytes to fd 5, 0 bytes remaining
[2025-04-06 16:55:25] [DEBUG] [rio_unbuffered_write:69] Completed unbuffered write to fd 5, total bytes written: 4
[2025-04-06 16:55:25] [DEBUG] [rio_buffered_readline:111] Starting buffered readline from fd 5, max size: 8192
[2025-04-06 16:55:25] [DEBUG] [rio_buffered_readline:117] Buffer empty for fd 5, refilling
[2025-04-06 16:55:25] [DEBUG] [fill_buffer:85] Filling buffer for fd 5
[2025-04-06 16:55:25] [DEBUG] [fill_buffer:106] Buffer filled for fd 5 with 4 bytes
[2025-04-06 16:55:25] [DEBUG] [rio_buffered_readline:135] Newline found, terminating readline for fd 5 after 4 bytes
[2025-04-06 16:55:25] [DEBUG] [rio_buffered_readline:140] Completed buffered readline from fd 5, bytes read: 4
[2025-04-06 16:55:25] [DEBUG] [rio_unbuffered_write:47] Starting unbuffered write to fd 1, requesting 4 bytes
[2025-04-06 16:55:25] [DEBUG] [rio_unbuffered_write:67] Wrote 4 bytes to fd 1, 0 bytes remaining
[2025-04-06 16:55:25] [DEBUG] [rio_unbuffered_write:69] Completed unbuffered write to fd 1, total bytes written: 4
[2025-04-06 16:55:25] [DEBUG] [rio_buffered_readline:111] Starting buffered readline from fd 0, max size: 8192
[2025-04-06 16:55:25] [DEBUG] [rio_buffered_readline:117] Buffer empty for fd 0, refilling
[2025-04-06 16:55:25] [DEBUG] [fill_buffer:85] Filling buffer for fd 0
